2026-01-31 13:41:18,893 [INFO] Collecting 1min bars for 22 US tickers...
2026-01-31 13:41:19,039 [WARNING] ✗ QQQ: No data
2026-01-31 13:41:19,103 [WARNING] ✗ SPY: No data
2026-01-31 13:41:19,958 [WARNING] ✗ AAPL: No data
2026-01-31 13:41:20,099 [WARNING] ✗ MSFT: No data
2026-01-31 13:41:20,962 [WARNING] ✗ GOOGL: No data
2026-01-31 13:41:21,103 [WARNING] ✗ AMZN: No data
2026-01-31 13:41:21,984 [WARNING] ✗ META: No data
2026-01-31 13:41:22,108 [WARNING] ✗ NVDA: No data
2026-01-31 13:41:22,983 [WARNING] ✗ TSLA: No data
2026-01-31 13:41:23,119 [WARNING] ✗ NFLX: No data
2026-01-31 13:41:23,981 [WARNING] ✗ AVGO: No data
2026-01-31 13:41:24,135 [WARNING] ✗ BIL: No data
2026-01-31 13:41:25,010 [WARNING] ✗ TLT: No data
2026-01-31 13:41:25,136 [WARNING] ✗ GLD: No data
2026-01-31 13:41:26,005 [WARNING] ✗ UUP: No data
2026-01-31 13:41:26,155 [WARNING] ✗ BTAL: No data
2026-01-31 13:41:26,997 [WARNING] ✗ PFIX: No data
2026-01-31 13:41:27,142 [WARNING] ✗ DBMF: No data
2026-01-31 13:41:27,997 [WARNING] ✗ AGG: No data
2026-01-31 13:41:28,148 [WARNING] ✗ SHY: No data
2026-01-31 13:41:29,014 [WARNING] ✗ SCHD: No data
2026-01-31 13:41:29,158 [WARNING] ✗ VTI: No data
2026-01-31 13:41:29,158 [WARNING] No data collected
