2026-01-25 04:20:54,669 [INFO] JARVIS: Regime Classifier 학습 완료. Accuracy: 0.60
2026-01-25 04:20:54,834 [INFO] JARVIS: Config Saved: {'date': '2026-01-25', 'suggested_params': {'s1': 135, 's2': 259}, 'market_regime': 'Normal', 'crash_probability': 0.00016942584274641452, 'confidence_score': 0.5470033887296318}
2026-01-25 04:36:58,013 [INFO] JARVIS: Regime Classifier 학습 완료. Accuracy: 0.47
2026-01-25 04:36:58,168 [INFO] JARVIS: [2010-01-01] Regime:Normal | S1:147 S2:222
2026-01-25 04:36:58,281 [INFO] JARVIS: Regime Classifier 학습 완료. Accuracy: 0.52
2026-01-25 04:36:58,433 [INFO] JARVIS: [2010-01-31] Regime:Normal | S1:145 S2:223
2026-01-25 04:36:58,541 [INFO] JARVIS: Regime Classifier 학습 완료. Accuracy: 0.45
2026-01-25 04:36:58,692 [INFO] JARVIS: [2010-03-02] Regime:Normal | S1:149 S2:223
2026-01-25 04:36:58,797 [INFO] JARVIS: Regime Classifier 학습 완료. Accuracy: 0.48
2026-01-25 04:36:58,959 [INFO] JARVIS: [2010-04-01] Regime:Normal | S1:150 S2:233
2026-01-25 04:36:59,072 [INFO] JARVIS: Regime Classifier 학습 완료. Accuracy: 0.53
2026-01-25 04:36:59,226 [INFO] JARVIS: [2010-05-01] Regime:Normal | S1:138 S2:222
2026-01-25 04:36:59,342 [INFO] JARVIS: Regime Classifier 학습 완료. Accuracy: 0.54
2026-01-25 04:36:59,506 [INFO] JARVIS: [2010-05-31] Regime:Normal | S1:150 S2:227
2026-01-25 04:36:59,629 [INFO] JARVIS: Regime Classifier 학습 완료. Accuracy: 0.55
2026-01-25 04:36:59,817 [INFO] JARVIS: [2010-06-30] Regime:Crash | S1:150 S2:222
2026-01-25 04:36:59,938 [INFO] JARVIS: Regime Classifier 학습 완료. Accuracy: 0.60
2026-01-25 04:37:00,105 [INFO] JARVIS: [2010-07-30] Regime:Normal | S1:150 S2:222
2026-01-25 04:37:00,225 [INFO] JARVIS: Regime Classifier 학습 완료. Accuracy: 0.63
2026-01-25 04:37:00,379 [INFO] JARVIS: [2010-08-29] Regime:Normal | S1:149 S2:230
2026-01-25 04:37:00,504 [INFO] JARVIS: Regime Classifier 학습 완료. Accuracy: 0.62
2026-01-25 04:37:00,691 [INFO] JARVIS: [2010-09-28] Regime:Choppy | S1:150 S2:233
2026-01-25 04:37:00,813 [INFO] JARVIS: Regime Classifier 학습 완료. Accuracy: 0.61
2026-01-25 04:37:00,965 [INFO] JARVIS: [2010-10-28] Regime:Choppy | S1:147 S2:222
2026-01-25 04:37:01,094 [INFO] JARVIS: Regime Classifier 학습 완료. Accuracy: 0.60
2026-01-25 04:37:01,241 [INFO] JARVIS: [2010-11-27] Regime:Normal | S1:146 S2:222
2026-01-25 04:37:01,362 [INFO] JARVIS: Regime Classifier 학습 완료. Accuracy: 0.60
2026-01-25 04:37:01,515 [INFO] JARVIS: [2010-12-27] Regime:Normal | S1:149 S2:233
2026-01-25 04:37:01,645 [INFO] JARVIS: Regime Classifier 학습 완료. Accuracy: 0.62
2026-01-25 04:37:01,795 [INFO] JARVIS: [2011-01-26] Regime:Normal | S1:149 S2:234
2026-01-25 04:37:01,921 [INFO] JARVIS: Regime Classifier 학습 완료. Accuracy: 0.55
2026-01-25 04:37:02,074 [INFO] JARVIS: [2011-02-25] Regime:Choppy | S1:150 S2:222
2026-01-25 04:37:02,213 [INFO] JARVIS: Regime Classifier 학습 완료. Accuracy: 0.57
2026-01-25 04:37:02,372 [INFO] JARVIS: [2011-03-27] Regime:Normal | S1:139 S2:243
2026-01-25 04:37:02,507 [INFO] JARVIS: Regime Classifier 학습 완료. Accuracy: 0.57
2026-01-25 04:37:02,685 [INFO] JARVIS: [2011-04-26] Regime:Choppy | S1:150 S2:226
2026-01-25 04:37:02,823 [INFO] JARVIS: Regime Classifier 학습 완료. Accuracy: 0.62
2026-01-25 04:37:02,982 [INFO] JARVIS: [2011-05-26] Regime:Normal | S1:150 S2:222
2026-01-25 04:37:03,117 [INFO] JARVIS: Regime Classifier 학습 완료. Accuracy: 0.65
2026-01-25 04:37:03,277 [INFO] JARVIS: [2011-06-25] Regime:Normal | S1:146 S2:225
2026-01-25 04:37:03,412 [INFO] JARVIS: Regime Classifier 학습 완료. Accuracy: 0.58
2026-01-25 04:37:03,578 [INFO] JARVIS: [2011-07-25] Regime:Normal | S1:141 S2:223
2026-01-25 04:37:03,707 [INFO] JARVIS: Regime Classifier 학습 완료. Accuracy: 0.60
2026-01-25 04:37:03,879 [INFO] JARVIS: [2011-08-24] Regime:Normal | S1:147 S2:236
2026-01-25 04:37:04,015 [INFO] JARVIS: Regime Classifier 학습 완료. Accuracy: 0.56
2026-01-25 04:37:04,205 [INFO] JARVIS: [2011-09-23] Regime:Normal | S1:146 S2:223
2026-01-25 04:37:04,340 [INFO] JARVIS: Regime Classifier 학습 완료. Accuracy: 0.56
2026-01-25 04:37:04,509 [INFO] JARVIS: [2011-10-23] Regime:Normal | S1:150 S2:276
2026-01-25 04:37:04,641 [INFO] JARVIS: Regime Classifier 학습 완료. Accuracy: 0.54
2026-01-25 04:37:04,793 [INFO] JARVIS: [2011-11-22] Regime:Normal | S1:148 S2:245
2026-01-25 04:37:04,920 [INFO] JARVIS: Regime Classifier 학습 완료. Accuracy: 0.52
2026-01-25 04:37:05,069 [INFO] JARVIS: [2011-12-22] Regime:Choppy | S1:128 S2:233
2026-01-25 04:37:05,200 [INFO] JARVIS: Regime Classifier 학습 완료. Accuracy: 0.53
2026-01-25 04:37:05,351 [INFO] JARVIS: [2012-01-21] Regime:Normal | S1:129 S2:249
2026-01-25 04:37:05,483 [INFO] JARVIS: Regime Classifier 학습 완료. Accuracy: 0.58
2026-01-25 04:37:05,675 [INFO] JARVIS: [2012-02-20] Regime:Choppy | S1:129 S2:222
2026-01-25 04:37:05,803 [INFO] JARVIS: Regime Classifier 학습 완료. Accuracy: 0.57
2026-01-25 04:37:05,969 [INFO] JARVIS: [2012-03-21] Regime:Normal | S1:128 S2:236
2026-01-25 04:37:06,096 [INFO] JARVIS: Regime Classifier 학습 완료. Accuracy: 0.61
2026-01-25 04:37:06,246 [INFO] JARVIS: [2012-04-20] Regime:Normal | S1:127 S2:222
2026-01-25 04:37:06,369 [INFO] JARVIS: Regime Classifier 학습 완료. Accuracy: 0.57
2026-01-25 04:37:06,527 [INFO] JARVIS: [2012-05-20] Regime:Normal | S1:128 S2:227
2026-01-25 04:37:06,654 [INFO] JARVIS: Regime Classifier 학습 완료. Accuracy: 0.60
2026-01-25 04:37:06,819 [INFO] JARVIS: [2012-06-19] Regime:Normal | S1:127 S2:234
2026-01-25 04:37:06,944 [INFO] JARVIS: Regime Classifier 학습 완료. Accuracy: 0.55
2026-01-25 04:37:07,090 [INFO] JARVIS: [2012-07-19] Regime:Choppy | S1:150 S2:234
2026-01-25 04:37:07,216 [INFO] JARVIS: Regime Classifier 학습 완료. Accuracy: 0.57
2026-01-25 04:37:07,368 [INFO] JARVIS: [2012-08-18] Regime:Normal | S1:128 S2:225
2026-01-25 04:37:07,496 [INFO] JARVIS: Regime Classifier 학습 완료. Accuracy: 0.63
2026-01-25 04:37:07,653 [INFO] JARVIS: [2012-09-17] Regime:Normal | S1:128 S2:234
2026-01-25 04:37:07,788 [INFO] JARVIS: Regime Classifier 학습 완료. Accuracy: 0.54
2026-01-25 04:37:07,947 [INFO] JARVIS: [2012-10-17] Regime:Choppy | S1:147 S2:226
2026-01-25 04:37:08,076 [INFO] JARVIS: Regime Classifier 학습 완료. Accuracy: 0.60
2026-01-25 04:37:08,228 [INFO] JARVIS: [2012-11-16] Regime:Normal | S1:148 S2:235
2026-01-25 04:37:08,355 [INFO] JARVIS: Regime Classifier 학습 완료. Accuracy: 0.56
2026-01-25 04:37:08,516 [INFO] JARVIS: [2012-12-16] Regime:Choppy | S1:147 S2:225
2026-01-25 04:37:08,647 [INFO] JARVIS: Regime Classifier 학습 완료. Accuracy: 0.53
2026-01-25 04:37:08,813 [INFO] JARVIS: [2013-01-15] Regime:Normal | S1:149 S2:236
2026-01-25 04:37:08,940 [INFO] JARVIS: Regime Classifier 학습 완료. Accuracy: 0.54
2026-01-25 04:37:09,114 [INFO] JARVIS: [2013-02-14] Regime:Normal | S1:150 S2:205
2026-01-25 04:37:09,242 [INFO] JARVIS: Regime Classifier 학습 완료. Accuracy: 0.54
2026-01-25 04:37:09,412 [INFO] JARVIS: [2013-03-16] Regime:Normal | S1:150 S2:223
2026-01-25 04:37:09,544 [INFO] JARVIS: Regime Classifier 학습 완료. Accuracy: 0.49
2026-01-25 04:37:09,702 [INFO] JARVIS: [2013-04-15] Regime:Normal | S1:150 S2:235
2026-01-25 04:37:09,832 [INFO] JARVIS: Regime Classifier 학습 완료. Accuracy: 0.48
2026-01-25 04:37:09,989 [INFO] JARVIS: [2013-05-15] Regime:Choppy | S1:150 S2:224
2026-01-25 04:37:10,121 [INFO] JARVIS: Regime Classifier 학습 완료. Accuracy: 0.52
2026-01-25 04:37:10,274 [INFO] JARVIS: [2013-06-14] Regime:Normal | S1:150 S2:205
2026-01-25 04:37:10,403 [INFO] JARVIS: Regime Classifier 학습 완료. Accuracy: 0.49
2026-01-25 04:37:10,569 [INFO] JARVIS: [2013-07-14] Regime:Normal | S1:150 S2:238
2026-01-25 04:37:10,705 [INFO] JARVIS: Regime Classifier 학습 완료. Accuracy: 0.58
2026-01-25 04:37:10,880 [INFO] JARVIS: [2013-08-13] Regime:Normal | S1:150 S2:228
2026-01-25 04:37:11,015 [INFO] JARVIS: Regime Classifier 학습 완료. Accuracy: 0.47
2026-01-25 04:37:11,175 [INFO] JARVIS: [2013-09-12] Regime:Normal | S1:149 S2:204
2026-01-25 04:37:11,331 [INFO] JARVIS: Regime Classifier 학습 완료. Accuracy: 0.53
2026-01-25 04:37:11,506 [INFO] JARVIS: [2013-10-12] Regime:Normal | S1:149 S2:202
2026-01-25 04:37:11,653 [INFO] JARVIS: Regime Classifier 학습 완료. Accuracy: 0.57
2026-01-25 04:37:11,821 [INFO] JARVIS: [2013-11-11] Regime:Normal | S1:150 S2:206
2026-01-25 04:37:11,975 [INFO] JARVIS: Regime Classifier 학습 완료. Accuracy: 0.50
2026-01-25 04:37:12,175 [INFO] JARVIS: [2013-12-11] Regime:Choppy | S1:148 S2:203
2026-01-25 04:37:12,325 [INFO] JARVIS: Regime Classifier 학습 완료. Accuracy: 0.50
2026-01-25 04:37:12,503 [INFO] JARVIS: [2014-01-10] Regime:Normal | S1:149 S2:274
2026-01-25 04:37:12,650 [INFO] JARVIS: Regime Classifier 학습 완료. Accuracy: 0.45
2026-01-25 04:37:12,817 [INFO] JARVIS: [2014-02-09] Regime:Normal | S1:150 S2:249
2026-01-25 04:37:12,970 [INFO] JARVIS: Regime Classifier 학습 완료. Accuracy: 0.46
2026-01-25 04:37:13,144 [INFO] JARVIS: [2014-03-11] Regime:Normal | S1:149 S2:230
2026-01-25 04:37:13,297 [INFO] JARVIS: Regime Classifier 학습 완료. Accuracy: 0.42
2026-01-25 04:37:13,470 [INFO] JARVIS: [2014-04-10] Regime:Choppy | S1:150 S2:219
2026-01-25 04:37:13,612 [INFO] JARVIS: Regime Classifier 학습 완료. Accuracy: 0.40
2026-01-25 04:37:13,784 [INFO] JARVIS: [2014-05-10] Regime:Choppy | S1:112 S2:273
2026-01-25 04:37:13,936 [INFO] JARVIS: Regime Classifier 학습 완료. Accuracy: 0.46
2026-01-25 04:37:14,157 [INFO] JARVIS: [2014-06-09] Regime:Normal | S1:112 S2:274
2026-01-25 04:37:14,310 [INFO] JARVIS: Regime Classifier 학습 완료. Accuracy: 0.52
2026-01-25 04:37:14,528 [INFO] JARVIS: [2014-07-09] Regime:Normal | S1:112 S2:249
2026-01-25 04:37:14,675 [INFO] JARVIS: Regime Classifier 학습 완료. Accuracy: 0.61
2026-01-25 04:37:14,847 [INFO] JARVIS: [2014-08-08] Regime:Normal | S1:149 S2:260
2026-01-25 04:37:15,001 [INFO] JARVIS: Regime Classifier 학습 완료. Accuracy: 0.59
2026-01-25 04:37:15,167 [INFO] JARVIS: [2014-09-07] Regime:Choppy | S1:112 S2:252
2026-01-25 04:37:15,321 [INFO] JARVIS: Regime Classifier 학습 완료. Accuracy: 0.62
2026-01-25 04:37:15,492 [INFO] JARVIS: [2014-10-07] Regime:Normal | S1:112 S2:228
2026-01-25 04:37:15,641 [INFO] JARVIS: Regime Classifier 학습 완료. Accuracy: 0.56
2026-01-25 04:37:15,816 [INFO] JARVIS: [2014-11-06] Regime:Choppy | S1:112 S2:210
2026-01-25 04:37:15,965 [INFO] JARVIS: Regime Classifier 학습 완료. Accuracy: 0.57
2026-01-25 04:37:16,138 [INFO] JARVIS: [2014-12-06] Regime:Normal | S1:112 S2:206
2026-01-25 04:37:16,286 [INFO] JARVIS: Regime Classifier 학습 완료. Accuracy: 0.57
2026-01-25 04:37:16,455 [INFO] JARVIS: [2015-01-05] Regime:Normal | S1:150 S2:203
2026-01-25 04:37:16,603 [INFO] JARVIS: Regime Classifier 학습 완료. Accuracy: 0.57
2026-01-25 04:37:16,767 [INFO] JARVIS: [2015-02-04] Regime:Normal | S1:112 S2:220
2026-01-25 04:37:16,917 [INFO] JARVIS: Regime Classifier 학습 완료. Accuracy: 0.57
2026-01-25 04:37:17,089 [INFO] JARVIS: [2015-03-06] Regime:Normal | S1:112 S2:200
2026-01-25 04:37:17,240 [INFO] JARVIS: Regime Classifier 학습 완료. Accuracy: 0.52
2026-01-25 04:37:17,407 [INFO] JARVIS: [2015-04-05] Regime:Normal | S1:150 S2:202
2026-01-25 04:37:17,559 [INFO] JARVIS: Regime Classifier 학습 완료. Accuracy: 0.48
2026-01-25 04:37:17,722 [INFO] JARVIS: [2015-05-05] Regime:Choppy | S1:111 S2:237
2026-01-25 04:37:17,875 [INFO] JARVIS: Regime Classifier 학습 완료. Accuracy: 0.48
2026-01-25 04:37:18,041 [INFO] JARVIS: [2015-06-04] Regime:Normal | S1:150 S2:257
2026-01-25 04:37:18,197 [INFO] JARVIS: Regime Classifier 학습 완료. Accuracy: 0.49
2026-01-25 04:37:18,388 [INFO] JARVIS: [2015-07-04] Regime:Normal | S1:112 S2:232
2026-01-25 04:37:18,575 [INFO] JARVIS: Regime Classifier 학습 완료. Accuracy: 0.40
2026-01-25 04:37:18,847 [INFO] JARVIS: [2015-08-03] Regime:Choppy | S1:112 S2:255
2026-01-25 04:37:19,050 [INFO] JARVIS: Regime Classifier 학습 완료. Accuracy: 0.48
2026-01-25 04:37:19,238 [INFO] JARVIS: [2015-09-02] Regime:Normal | S1:112 S2:266
2026-01-25 04:37:19,387 [INFO] JARVIS: Regime Classifier 학습 완료. Accuracy: 0.46
2026-01-25 04:37:19,562 [INFO] JARVIS: [2015-10-02] Regime:Normal | S1:112 S2:256
2026-01-25 04:37:19,712 [INFO] JARVIS: Regime Classifier 학습 완료. Accuracy: 0.50
2026-01-25 04:37:19,879 [INFO] JARVIS: [2015-11-01] Regime:Choppy | S1:148 S2:200
2026-01-25 04:37:20,029 [INFO] JARVIS: Regime Classifier 학습 완료. Accuracy: 0.52
2026-01-25 04:37:20,211 [INFO] JARVIS: [2015-12-01] Regime:Choppy | S1:149 S2:251
2026-01-25 04:37:20,363 [INFO] JARVIS: Regime Classifier 학습 완료. Accuracy: 0.53
2026-01-25 04:37:20,538 [INFO] JARVIS: [2015-12-31] Regime:Choppy | S1:112 S2:252
2026-01-25 04:37:20,683 [INFO] JARVIS: Regime Classifier 학습 완료. Accuracy: 0.54
2026-01-25 04:37:20,844 [INFO] JARVIS: [2016-01-30] Regime:Normal | S1:111 S2:233
2026-01-25 04:37:20,937 [INFO] JARVIS: Regime Classifier 학습 완료. Accuracy: 0.50
2026-01-25 04:37:21,109 [INFO] JARVIS: [2016-02-29] Regime:Normal | S1:148 S2:201
2026-01-25 04:37:21,202 [INFO] JARVIS: Regime Classifier 학습 완료. Accuracy: 0.53
2026-01-25 04:37:21,375 [INFO] JARVIS: [2016-03-30] Regime:Normal | S1:150 S2:280
2026-01-25 04:37:21,464 [INFO] JARVIS: Regime Classifier 학습 완료. Accuracy: 0.63
2026-01-25 04:37:21,643 [INFO] JARVIS: [2016-04-29] Regime:Normal | S1:112 S2:280
2026-01-25 04:37:21,734 [INFO] JARVIS: Regime Classifier 학습 완료. Accuracy: 0.62
2026-01-25 04:37:21,913 [INFO] JARVIS: [2016-05-29] Regime:Choppy | S1:112 S2:260
2026-01-25 04:37:22,002 [INFO] JARVIS: Regime Classifier 학습 완료. Accuracy: 0.63
2026-01-25 04:37:22,186 [INFO] JARVIS: [2016-06-28] Regime:Normal | S1:150 S2:270
2026-01-25 04:37:22,279 [INFO] JARVIS: Regime Classifier 학습 완료. Accuracy: 0.60
2026-01-25 04:37:22,464 [INFO] JARVIS: [2016-07-28] Regime:Choppy | S1:150 S2:203
2026-01-25 04:37:22,556 [INFO] JARVIS: Regime Classifier 학습 완료. Accuracy: 0.56
2026-01-25 04:37:22,748 [INFO] JARVIS: [2016-08-27] Regime:Normal | S1:149 S2:200
2026-01-25 04:37:22,844 [INFO] JARVIS: Regime Classifier 학습 완료. Accuracy: 0.62
2026-01-25 04:37:23,013 [INFO] JARVIS: [2016-09-26] Regime:Choppy | S1:150 S2:280
2026-01-25 04:37:23,102 [INFO] JARVIS: Regime Classifier 학습 완료. Accuracy: 0.60
2026-01-25 04:37:23,274 [INFO] JARVIS: [2016-10-26] Regime:Choppy | S1:150 S2:280
2026-01-25 04:37:23,363 [INFO] JARVIS: Regime Classifier 학습 완료. Accuracy: 0.57
2026-01-25 04:37:23,539 [INFO] JARVIS: [2016-11-25] Regime:Choppy | S1:150 S2:270
2026-01-25 04:37:23,629 [INFO] JARVIS: Regime Classifier 학습 완료. Accuracy: 0.64
2026-01-25 04:37:23,814 [INFO] JARVIS: [2016-12-25] Regime:Choppy | S1:148 S2:263
2026-01-25 04:37:23,906 [INFO] JARVIS: Regime Classifier 학습 완료. Accuracy: 0.56
2026-01-25 04:37:24,087 [INFO] JARVIS: [2017-01-24] Regime:Normal | S1:147 S2:263
2026-01-25 04:37:24,179 [INFO] JARVIS: Regime Classifier 학습 완료. Accuracy: 0.55
2026-01-25 04:37:24,360 [INFO] JARVIS: [2017-02-23] Regime:Choppy | S1:150 S2:202
2026-01-25 04:37:24,446 [INFO] JARVIS: Regime Classifier 학습 완료. Accuracy: 0.57
2026-01-25 04:37:24,622 [INFO] JARVIS: [2017-03-25] Regime:Normal | S1:148 S2:203
2026-01-25 04:37:24,718 [INFO] JARVIS: Regime Classifier 학습 완료. Accuracy: 0.61
2026-01-25 04:37:24,893 [INFO] JARVIS: [2017-04-24] Regime:Normal | S1:150 S2:204
2026-01-25 04:37:24,981 [INFO] JARVIS: Regime Classifier 학습 완료. Accuracy: 0.60
2026-01-25 04:37:25,161 [INFO] JARVIS: [2017-05-24] Regime:Choppy | S1:150 S2:203
2026-01-25 04:37:25,253 [INFO] JARVIS: Regime Classifier 학습 완료. Accuracy: 0.60
2026-01-25 04:37:25,456 [INFO] JARVIS: [2017-06-23] Regime:Normal | S1:148 S2:204
2026-01-25 04:37:25,553 [INFO] JARVIS: Regime Classifier 학습 완료. Accuracy: 0.57
2026-01-25 04:37:25,741 [INFO] JARVIS: [2017-07-23] Regime:Choppy | S1:149 S2:200
2026-01-25 04:37:25,834 [INFO] JARVIS: Regime Classifier 학습 완료. Accuracy: 0.62
2026-01-25 04:37:26,014 [INFO] JARVIS: [2017-08-22] Regime:Normal | S1:147 S2:203
2026-01-25 04:37:26,104 [INFO] JARVIS: Regime Classifier 학습 완료. Accuracy: 0.56
2026-01-25 04:37:26,283 [INFO] JARVIS: [2017-09-21] Regime:Choppy | S1:134 S2:200
2026-01-25 04:37:26,381 [INFO] JARVIS: Regime Classifier 학습 완료. Accuracy: 0.54
2026-01-25 04:37:26,561 [INFO] JARVIS: [2017-10-21] Regime:Choppy | S1:131 S2:204
2026-01-25 04:37:26,658 [INFO] JARVIS: Regime Classifier 학습 완료. Accuracy: 0.47
2026-01-25 04:37:26,838 [INFO] JARVIS: [2017-11-20] Regime:Choppy | S1:135 S2:200
2026-01-25 04:37:26,928 [INFO] JARVIS: Regime Classifier 학습 완료. Accuracy: 0.50
2026-01-25 04:37:27,108 [INFO] JARVIS: [2017-12-20] Regime:Choppy | S1:146 S2:201
2026-01-25 04:37:27,198 [INFO] JARVIS: Regime Classifier 학습 완료. Accuracy: 0.49
2026-01-25 04:37:27,373 [INFO] JARVIS: [2018-01-19] Regime:Normal | S1:150 S2:203
2026-01-25 04:37:27,465 [INFO] JARVIS: Regime Classifier 학습 완료. Accuracy: 0.46
2026-01-25 04:37:27,661 [INFO] JARVIS: [2018-02-18] Regime:Choppy | S1:149 S2:201
2026-01-25 04:37:27,753 [INFO] JARVIS: Regime Classifier 학습 완료. Accuracy: 0.44
2026-01-25 04:37:27,935 [INFO] JARVIS: [2018-03-20] Regime:Choppy | S1:147 S2:269
2026-01-25 04:37:28,028 [INFO] JARVIS: Regime Classifier 학습 완료. Accuracy: 0.47
2026-01-25 04:37:28,210 [INFO] JARVIS: [2018-04-19] Regime:Choppy | S1:150 S2:201
2026-01-25 04:37:28,303 [INFO] JARVIS: Regime Classifier 학습 완료. Accuracy: 0.51
2026-01-25 04:37:28,484 [INFO] JARVIS: [2018-05-19] Regime:Normal | S1:148 S2:202
2026-01-25 04:37:28,575 [INFO] JARVIS: Regime Classifier 학습 완료. Accuracy: 0.50
2026-01-25 04:37:28,752 [INFO] JARVIS: [2018-06-18] Regime:Choppy | S1:150 S2:201
2026-01-25 04:37:28,849 [INFO] JARVIS: Regime Classifier 학습 완료. Accuracy: 0.51
2026-01-25 04:37:29,020 [INFO] JARVIS: [2018-07-18] Regime:Choppy | S1:149 S2:203
2026-01-25 04:37:29,110 [INFO] JARVIS: Regime Classifier 학습 완료. Accuracy: 0.53
2026-01-25 04:37:29,319 [INFO] JARVIS: [2018-08-17] Regime:Normal | S1:149 S2:280
2026-01-25 04:37:29,413 [INFO] JARVIS: Regime Classifier 학습 완료. Accuracy: 0.50
2026-01-25 04:37:29,613 [INFO] JARVIS: [2018-09-16] Regime:Choppy | S1:150 S2:274
2026-01-25 04:37:29,711 [INFO] JARVIS: Regime Classifier 학습 완료. Accuracy: 0.50
2026-01-25 04:37:29,886 [INFO] JARVIS: [2018-10-16] Regime:Choppy | S1:150 S2:203
2026-01-25 04:37:29,982 [INFO] JARVIS: Regime Classifier 학습 완료. Accuracy: 0.52
2026-01-25 04:37:30,166 [INFO] JARVIS: [2018-11-15] Regime:Choppy | S1:141 S2:230
2026-01-25 04:37:30,272 [INFO] JARVIS: Regime Classifier 학습 완료. Accuracy: 0.48
2026-01-25 04:37:30,447 [INFO] JARVIS: [2018-12-15] Regime:Normal | S1:149 S2:212
2026-01-25 04:37:30,541 [INFO] JARVIS: Regime Classifier 학습 완료. Accuracy: 0.47
2026-01-25 04:37:30,715 [INFO] JARVIS: [2019-01-14] Regime:Normal | S1:148 S2:200
2026-01-25 04:37:30,807 [INFO] JARVIS: Regime Classifier 학습 완료. Accuracy: 0.58
2026-01-25 04:37:30,981 [INFO] JARVIS: [2019-02-13] Regime:Choppy | S1:146 S2:225
2026-01-25 04:37:31,073 [INFO] JARVIS: Regime Classifier 학습 완료. Accuracy: 0.61
2026-01-25 04:37:31,259 [INFO] JARVIS: [2019-03-15] Regime:Choppy | S1:148 S2:220
2026-01-25 04:37:31,358 [INFO] JARVIS: Regime Classifier 학습 완료. Accuracy: 0.57
2026-01-25 04:37:31,589 [INFO] JARVIS: [2019-04-14] Regime:Normal | S1:144 S2:243
2026-01-25 04:37:31,689 [INFO] JARVIS: Regime Classifier 학습 완료. Accuracy: 0.56
2026-01-25 04:37:31,877 [INFO] JARVIS: [2019-05-14] Regime:Choppy | S1:144 S2:204
2026-01-25 04:37:31,966 [INFO] JARVIS: Regime Classifier 학습 완료. Accuracy: 0.63
2026-01-25 04:37:32,145 [INFO] JARVIS: [2019-06-13] Regime:Normal | S1:145 S2:262
2026-01-25 04:37:32,239 [INFO] JARVIS: Regime Classifier 학습 완료. Accuracy: 0.62
2026-01-25 04:37:32,412 [INFO] JARVIS: [2019-07-13] Regime:Normal | S1:145 S2:251
2026-01-25 04:37:32,504 [INFO] JARVIS: Regime Classifier 학습 완료. Accuracy: 0.57
2026-01-25 04:37:32,676 [INFO] JARVIS: [2019-08-12] Regime:Normal | S1:145 S2:260
2026-01-25 04:37:32,771 [INFO] JARVIS: Regime Classifier 학습 완료. Accuracy: 0.63
2026-01-25 04:37:32,947 [INFO] JARVIS: [2019-09-11] Regime:Normal | S1:145 S2:248
2026-01-25 04:37:33,038 [INFO] JARVIS: Regime Classifier 학습 완료. Accuracy: 0.54
2026-01-25 04:37:33,221 [INFO] JARVIS: [2019-10-11] Regime:Normal | S1:145 S2:248
2026-01-25 04:37:33,378 [INFO] JARVIS: Regime Classifier 학습 완료. Accuracy: 0.53
2026-01-25 04:37:33,553 [INFO] JARVIS: [2019-11-10] Regime:Normal | S1:145 S2:226
2026-01-25 04:37:33,701 [INFO] JARVIS: Regime Classifier 학습 완료. Accuracy: 0.54
2026-01-25 04:37:33,879 [INFO] JARVIS: [2019-12-10] Regime:Choppy | S1:145 S2:269
2026-01-25 04:37:34,029 [INFO] JARVIS: Regime Classifier 학습 완료. Accuracy: 0.46
2026-01-25 04:37:34,206 [INFO] JARVIS: [2020-01-09] Regime:Choppy | S1:145 S2:260
2026-01-25 04:37:34,359 [INFO] JARVIS: Regime Classifier 학습 완료. Accuracy: 0.49
2026-01-25 04:37:34,570 [INFO] JARVIS: [2020-02-08] Regime:Normal | S1:145 S2:258
2026-01-25 04:37:34,721 [INFO] JARVIS: Regime Classifier 학습 완료. Accuracy: 0.50
2026-01-25 04:37:34,903 [INFO] JARVIS: [2020-03-09] Regime:Normal | S1:145 S2:241
2026-01-25 04:37:35,055 [INFO] JARVIS: Regime Classifier 학습 완료. Accuracy: 0.48
2026-01-25 04:37:35,230 [INFO] JARVIS: [2020-04-08] Regime:Normal | S1:143 S2:254
2026-01-25 04:37:35,380 [INFO] JARVIS: Regime Classifier 학습 완료. Accuracy: 0.49
2026-01-25 04:37:35,548 [INFO] JARVIS: [2020-05-08] Regime:Normal | S1:143 S2:253
2026-01-25 04:37:35,691 [INFO] JARVIS: Regime Classifier 학습 완료. Accuracy: 0.46
2026-01-25 04:37:35,865 [INFO] JARVIS: [2020-06-07] Regime:Normal | S1:143 S2:259
2026-01-25 04:37:36,018 [INFO] JARVIS: Regime Classifier 학습 완료. Accuracy: 0.46
2026-01-25 04:37:36,184 [INFO] JARVIS: [2020-07-07] Regime:Normal | S1:143 S2:220
2026-01-25 04:37:36,330 [INFO] JARVIS: Regime Classifier 학습 완료. Accuracy: 0.55
2026-01-25 04:37:36,514 [INFO] JARVIS: [2020-08-06] Regime:Normal | S1:141 S2:224
2026-01-25 04:37:36,672 [INFO] JARVIS: Regime Classifier 학습 완료. Accuracy: 0.47
2026-01-25 04:37:36,851 [INFO] JARVIS: [2020-09-05] Regime:Choppy | S1:150 S2:207
2026-01-25 04:37:37,002 [INFO] JARVIS: Regime Classifier 학습 완료. Accuracy: 0.46
2026-01-25 04:37:37,183 [INFO] JARVIS: [2020-10-05] Regime:Choppy | S1:150 S2:237
2026-01-25 04:37:37,336 [INFO] JARVIS: Regime Classifier 학습 완료. Accuracy: 0.49
2026-01-25 04:37:37,514 [INFO] JARVIS: [2020-11-04] Regime:Choppy | S1:143 S2:215
2026-01-25 04:37:37,665 [INFO] JARVIS: Regime Classifier 학습 완료. Accuracy: 0.56
2026-01-25 04:37:37,840 [INFO] JARVIS: [2020-12-04] Regime:Choppy | S1:143 S2:233
2026-01-25 04:37:37,991 [INFO] JARVIS: Regime Classifier 학습 완료. Accuracy: 0.53
2026-01-25 04:37:38,159 [INFO] JARVIS: [2021-01-03] Regime:Normal | S1:143 S2:233
2026-01-25 04:37:38,302 [INFO] JARVIS: Regime Classifier 학습 완료. Accuracy: 0.47
2026-01-25 04:37:38,477 [INFO] JARVIS: [2021-02-02] Regime:Choppy | S1:143 S2:212
2026-01-25 04:37:38,622 [INFO] JARVIS: Regime Classifier 학습 완료. Accuracy: 0.52
2026-01-25 04:37:38,831 [INFO] JARVIS: [2021-03-04] Regime:Choppy | S1:143 S2:219
2026-01-25 04:37:38,976 [INFO] JARVIS: Regime Classifier 학습 완료. Accuracy: 0.45
2026-01-25 04:37:39,144 [INFO] JARVIS: [2021-04-03] Regime:Choppy | S1:150 S2:210
2026-01-25 04:37:39,287 [INFO] JARVIS: Regime Classifier 학습 완료. Accuracy: 0.53
2026-01-25 04:37:39,459 [INFO] JARVIS: [2021-05-03] Regime:Choppy | S1:143 S2:225
2026-01-25 04:37:39,602 [INFO] JARVIS: Regime Classifier 학습 완료. Accuracy: 0.61
2026-01-25 04:37:39,781 [INFO] JARVIS: [2021-06-02] Regime:Normal | S1:143 S2:220
2026-01-25 04:37:39,930 [INFO] JARVIS: Regime Classifier 학습 완료. Accuracy: 0.54
2026-01-25 04:37:40,105 [INFO] JARVIS: [2021-07-02] Regime:Normal | S1:141 S2:205
2026-01-25 04:37:40,254 [INFO] JARVIS: Regime Classifier 학습 완료. Accuracy: 0.51
2026-01-25 04:37:40,419 [INFO] JARVIS: [2021-08-01] Regime:Choppy | S1:143 S2:237
2026-01-25 04:37:40,566 [INFO] JARVIS: Regime Classifier 학습 완료. Accuracy: 0.48
2026-01-25 04:37:40,740 [INFO] JARVIS: [2021-08-31] Regime:Choppy | S1:143 S2:244
2026-01-25 04:37:40,886 [INFO] JARVIS: Regime Classifier 학습 완료. Accuracy: 0.56
2026-01-25 04:37:41,059 [INFO] JARVIS: [2021-09-30] Regime:Normal | S1:143 S2:223
2026-01-25 04:37:41,204 [INFO] JARVIS: Regime Classifier 학습 완료. Accuracy: 0.50
2026-01-25 04:37:41,383 [INFO] JARVIS: [2021-10-30] Regime:Normal | S1:150 S2:227
2026-01-25 04:37:41,541 [INFO] JARVIS: Regime Classifier 학습 완료. Accuracy: 0.53
2026-01-25 04:37:41,740 [INFO] JARVIS: [2021-11-29] Regime:Choppy | S1:143 S2:228
2026-01-25 04:37:41,892 [INFO] JARVIS: Regime Classifier 학습 완료. Accuracy: 0.53
2026-01-25 04:37:42,071 [INFO] JARVIS: [2021-12-29] Regime:Normal | S1:150 S2:219
2026-01-25 04:37:42,219 [INFO] JARVIS: Regime Classifier 학습 완료. Accuracy: 0.57
2026-01-25 04:37:42,389 [INFO] JARVIS: [2022-01-28] Regime:Normal | S1:150 S2:223
2026-01-25 04:37:42,536 [INFO] JARVIS: Regime Classifier 학습 완료. Accuracy: 0.62
2026-01-25 04:37:42,700 [INFO] JARVIS: [2022-02-27] Regime:Normal | S1:150 S2:237
2026-01-25 04:37:42,846 [INFO] JARVIS: Regime Classifier 학습 완료. Accuracy: 0.66
2026-01-25 04:37:43,022 [INFO] JARVIS: [2022-03-29] Regime:Normal | S1:143 S2:269
2026-01-25 04:37:43,163 [INFO] JARVIS: Regime Classifier 학습 완료. Accuracy: 0.68
2026-01-25 04:37:43,340 [INFO] JARVIS: [2022-04-28] Regime:Normal | S1:143 S2:241
2026-01-25 04:37:43,484 [INFO] JARVIS: Regime Classifier 학습 완료. Accuracy: 0.66
2026-01-25 04:37:43,655 [INFO] JARVIS: [2022-05-28] Regime:Normal | S1:140 S2:235
2026-01-25 04:37:43,798 [INFO] JARVIS: Regime Classifier 학습 완료. Accuracy: 0.66
2026-01-25 04:37:43,971 [INFO] JARVIS: [2022-06-27] Regime:Normal | S1:140 S2:213
2026-01-25 04:37:44,119 [INFO] JARVIS: Regime Classifier 학습 완료. Accuracy: 0.69
2026-01-25 04:37:44,300 [INFO] JARVIS: [2022-07-27] Regime:Normal | S1:142 S2:230
2026-01-25 04:37:44,440 [INFO] JARVIS: Regime Classifier 학습 완료. Accuracy: 0.74
2026-01-25 04:37:44,608 [INFO] JARVIS: [2022-08-26] Regime:Normal | S1:140 S2:246
2026-01-25 04:37:44,747 [INFO] JARVIS: Regime Classifier 학습 완료. Accuracy: 0.76
2026-01-25 04:37:44,946 [INFO] JARVIS: [2022-09-25] Regime:Normal | S1:140 S2:271
2026-01-25 04:37:45,092 [INFO] JARVIS: Regime Classifier 학습 완료. Accuracy: 0.80
2026-01-25 04:37:45,265 [INFO] JARVIS: [2022-10-25] Regime:Normal | S1:140 S2:247
2026-01-25 04:37:45,404 [INFO] JARVIS: Regime Classifier 학습 완료. Accuracy: 0.75
2026-01-25 04:37:45,585 [INFO] JARVIS: [2022-11-24] Regime:Normal | S1:140 S2:232
2026-01-25 04:37:45,739 [INFO] JARVIS: Regime Classifier 학습 완료. Accuracy: 0.69
2026-01-25 04:37:45,911 [INFO] JARVIS: [2022-12-24] Regime:Normal | S1:140 S2:258
2026-01-25 04:37:46,055 [INFO] JARVIS: Regime Classifier 학습 완료. Accuracy: 0.78
2026-01-25 04:37:46,250 [INFO] JARVIS: [2023-01-23] Regime:Normal | S1:140 S2:221
2026-01-25 04:37:46,394 [INFO] JARVIS: Regime Classifier 학습 완료. Accuracy: 0.77
2026-01-25 04:37:46,571 [INFO] JARVIS: [2023-02-22] Regime:Choppy | S1:140 S2:224
2026-01-25 04:37:46,714 [INFO] JARVIS: Regime Classifier 학습 완료. Accuracy: 0.76
2026-01-25 04:37:46,882 [INFO] JARVIS: [2023-03-24] Regime:Normal | S1:141 S2:205
2026-01-25 04:37:47,030 [INFO] JARVIS: Regime Classifier 학습 완료. Accuracy: 0.75
2026-01-25 04:37:47,223 [INFO] JARVIS: [2023-04-23] Regime:Normal | S1:140 S2:205
2026-01-25 04:37:47,368 [INFO] JARVIS: Regime Classifier 학습 완료. Accuracy: 0.68
2026-01-25 04:37:47,534 [INFO] JARVIS: [2023-05-23] Regime:Normal | S1:141 S2:211
2026-01-25 04:37:47,671 [INFO] JARVIS: Regime Classifier 학습 완료. Accuracy: 0.71
2026-01-25 04:37:47,848 [INFO] JARVIS: [2023-06-22] Regime:Normal | S1:143 S2:238
2026-01-25 04:37:47,990 [INFO] JARVIS: Regime Classifier 학습 완료. Accuracy: 0.71
2026-01-25 04:37:48,163 [INFO] JARVIS: [2023-07-22] Regime:Normal | S1:141 S2:218
2026-01-25 04:37:48,308 [INFO] JARVIS: Regime Classifier 학습 완료. Accuracy: 0.67
2026-01-25 04:37:48,474 [INFO] JARVIS: [2023-08-21] Regime:Normal | S1:140 S2:204
2026-01-25 04:37:48,624 [INFO] JARVIS: Regime Classifier 학습 완료. Accuracy: 0.66
2026-01-25 04:37:48,808 [INFO] JARVIS: [2023-09-20] Regime:Normal | S1:140 S2:218
2026-01-25 04:37:48,956 [INFO] JARVIS: Regime Classifier 학습 완료. Accuracy: 0.66
2026-01-25 04:37:49,132 [INFO] JARVIS: [2023-10-20] Regime:Normal | S1:143 S2:204
2026-01-25 04:37:49,274 [INFO] JARVIS: Regime Classifier 학습 완료. Accuracy: 0.63
2026-01-25 04:37:49,448 [INFO] JARVIS: [2023-11-19] Regime:Normal | S1:143 S2:218
2026-01-25 04:37:49,592 [INFO] JARVIS: Regime Classifier 학습 완료. Accuracy: 0.62
2026-01-25 04:37:49,763 [INFO] JARVIS: [2023-12-19] Regime:Normal | S1:142 S2:200
2026-01-25 04:37:49,913 [INFO] JARVIS: Regime Classifier 학습 완료. Accuracy: 0.67
2026-01-25 04:37:50,086 [INFO] JARVIS: [2024-01-18] Regime:Normal | S1:114 S2:279
2026-01-25 04:37:50,233 [INFO] JARVIS: Regime Classifier 학습 완료. Accuracy: 0.67
2026-01-25 04:37:50,414 [INFO] JARVIS: [2024-02-17] Regime:Normal | S1:150 S2:273
2026-01-25 04:37:50,559 [INFO] JARVIS: Regime Classifier 학습 완료. Accuracy: 0.73
2026-01-25 04:37:50,745 [INFO] JARVIS: [2024-03-18] Regime:Normal | S1:150 S2:245
2026-01-25 04:37:50,892 [INFO] JARVIS: Regime Classifier 학습 완료. Accuracy: 0.58
2026-01-25 04:37:51,075 [INFO] JARVIS: [2024-04-17] Regime:Normal | S1:150 S2:237
2026-01-25 04:37:51,220 [INFO] JARVIS: Regime Classifier 학습 완료. Accuracy: 0.61
2026-01-25 04:37:51,392 [INFO] JARVIS: [2024-05-17] Regime:Normal | S1:150 S2:211
2026-01-25 04:37:51,545 [INFO] JARVIS: Regime Classifier 학습 완료. Accuracy: 0.64
2026-01-25 04:37:51,726 [INFO] JARVIS: [2024-06-16] Regime:Normal | S1:150 S2:200
2026-01-25 04:37:51,869 [INFO] JARVIS: Regime Classifier 학습 완료. Accuracy: 0.71
2026-01-25 04:37:52,041 [INFO] JARVIS: [2024-07-16] Regime:Normal | S1:141 S2:200
2026-01-25 04:37:52,188 [INFO] JARVIS: Regime Classifier 학습 완료. Accuracy: 0.74
2026-01-25 04:37:52,365 [INFO] JARVIS: [2024-08-15] Regime:Normal | S1:136 S2:201
2026-01-25 04:37:52,513 [INFO] JARVIS: Regime Classifier 학습 완료. Accuracy: 0.72
2026-01-25 04:37:52,683 [INFO] JARVIS: [2024-09-14] Regime:Normal | S1:148 S2:200
2026-01-25 04:37:52,842 [INFO] JARVIS: Regime Classifier 학습 완료. Accuracy: 0.70
2026-01-25 04:37:53,025 [INFO] JARVIS: [2024-10-14] Regime:Normal | S1:136 S2:200
2026-01-25 04:37:53,178 [INFO] JARVIS: Regime Classifier 학습 완료. Accuracy: 0.65
2026-01-25 04:37:53,362 [INFO] JARVIS: [2024-11-13] Regime:Normal | S1:149 S2:240
2026-01-25 04:37:53,515 [INFO] JARVIS: Regime Classifier 학습 완료. Accuracy: 0.59
2026-01-25 04:37:53,717 [INFO] JARVIS: [2024-12-13] Regime:Choppy | S1:134 S2:205
2026-01-25 04:37:53,861 [INFO] JARVIS: Regime Classifier 학습 완료. Accuracy: 0.56
2026-01-25 04:37:54,042 [INFO] JARVIS: [2025-01-12] Regime:Choppy | S1:135 S2:201
2026-01-25 04:37:54,175 [INFO] JARVIS: Regime Classifier 학습 완료. Accuracy: 0.57
2026-01-25 04:37:54,359 [INFO] JARVIS: [2025-02-11] Regime:Normal | S1:143 S2:211
2026-01-25 04:37:54,498 [INFO] JARVIS: Regime Classifier 학습 완료. Accuracy: 0.58
2026-01-25 04:37:54,671 [INFO] JARVIS: [2025-03-13] Regime:Normal | S1:134 S2:204
2026-01-25 04:37:54,797 [INFO] JARVIS: Regime Classifier 학습 완료. Accuracy: 0.61
2026-01-25 04:37:54,962 [INFO] JARVIS: [2025-04-12] Regime:Normal | S1:135 S2:203
2026-01-25 04:37:55,097 [INFO] JARVIS: Regime Classifier 학습 완료. Accuracy: 0.61
2026-01-25 04:37:55,256 [INFO] JARVIS: [2025-05-12] Regime:Normal | S1:150 S2:206
2026-01-25 04:37:55,400 [INFO] JARVIS: Regime Classifier 학습 완료. Accuracy: 0.64
2026-01-25 04:37:55,555 [INFO] JARVIS: [2025-06-11] Regime:Normal | S1:134 S2:200
2026-01-25 04:37:55,691 [INFO] JARVIS: Regime Classifier 학습 완료. Accuracy: 0.62
2026-01-25 04:37:55,849 [INFO] JARVIS: [2025-07-11] Regime:Normal | S1:134 S2:205
2026-01-25 04:37:55,992 [INFO] JARVIS: Regime Classifier 학습 완료. Accuracy: 0.68
2026-01-25 04:37:56,175 [INFO] JARVIS: [2025-08-10] Regime:Normal | S1:135 S2:200
2026-01-25 04:37:56,318 [INFO] JARVIS: Regime Classifier 학습 완료. Accuracy: 0.63
2026-01-25 04:37:56,488 [INFO] JARVIS: [2025-09-09] Regime:Normal | S1:134 S2:200
2026-01-25 04:37:56,630 [INFO] JARVIS: Regime Classifier 학습 완료. Accuracy: 0.59
2026-01-25 04:37:56,791 [INFO] JARVIS: [2025-10-09] Regime:Choppy | S1:135 S2:203
2026-01-25 04:37:56,931 [INFO] JARVIS: Regime Classifier 학습 완료. Accuracy: 0.62
2026-01-25 04:37:57,085 [INFO] JARVIS: [2025-11-08] Regime:Choppy | S1:128 S2:205
2026-01-25 04:37:57,215 [INFO] JARVIS: Regime Classifier 학습 완료. Accuracy: 0.59
2026-01-25 04:37:57,389 [INFO] JARVIS: [2025-12-08] Regime:Normal | S1:134 S2:205
2026-01-25 04:37:57,523 [INFO] JARVIS: Regime Classifier 학습 완료. Accuracy: 0.61
2026-01-25 04:37:57,697 [INFO] JARVIS: [2026-01-07] Regime:Normal | S1:136 S2:200
