2026-01-28 20:11:15,601 [INFO] --- [START] Antigravity Signal Analysis (v3.1 Hardened) ---
2026-01-28 20:11:15,602 [INFO] Analyzing market regimes and calculating MDD...
2026-01-28 20:11:17,428 [ERROR] System Crash: 'status_label'
Traceback (most recent call last):
  File "d:\gg\check_current_signal.py", line 96, in run_analysis
    status = signal_info["status_label"]
             ~~~~~~~~~~~^^^^^^^^^^^^^^^^
KeyError: 'status_label'

2026-01-28 20:11:17,429 [INFO] --- [END] Analysis Complete ---

2026-01-28 20:12:18,304 [INFO] --- [START] Antigravity Signal Analysis (v4.1 Live) ---
2026-01-28 20:12:18,305 [INFO] Analyzing market regimes and calculating MDD...
2026-01-28 20:12:19,971 [INFO] 
Result: 游릭 NORMAL
Date: 2026-01-28

[Market Context]
QQQ Price: $631.13
Dist SMA110: +3.86%
Dist SMA250: +13.54%
VIX: 16.209999084472656
Index Sniper: EXIT

[Debate Council]
Verdict: Council not convened.
Discount: 1.0

[Action Plan]
游릭 **BUY/HOLD QLD** (Target: 45%). [Council Modified: 1.0]

游 In **Sniper Buy Window**. Watch for momentum shift.
2026-01-28 20:12:19,971 [INFO] --- [END] Analysis Complete ---

2026-01-28 20:24:06,049 [INFO] --- [START] Antigravity Signal Analysis (v4.1 Live) ---
2026-01-28 20:24:06,050 [INFO] Analyzing market regimes and calculating MDD...
2026-01-28 20:24:07,765 [INFO] 
Result: 游릭 NORMAL
Date: 2026-01-28

[Market Context]
QQQ Price: $631.13
Dist SMA110: +3.86%
Dist SMA250: +13.54%
VIX: 16.239999771118164
Index Sniper: EXIT

[Dynamic Allocation]
Verdict: Council not convened.
Discount: 1.0

[Recommendations]
游릭 **BUY/HOLD QLD** (Target: 45%). [Council Modified: 1.0]

游 In **Sniper Buy Window**. Watch for momentum shift.
2026-01-28 20:24:07,765 [INFO] --- [END] Analysis Complete ---

2026-01-28 20:31:27,265 [INFO] --- [START] Antigravity Signal Analysis (v4.1 Live) ---
2026-01-28 20:31:27,265 [INFO] Analyzing market regimes and calculating MDD...
2026-01-28 20:31:29,045 [INFO] 
Result: 游릭 NORMAL
Date: 2026-01-28

[Market Context]
QQQ Price: $631.13
Dist SMA110: +3.86%
Dist SMA250: +13.54%
VIX: 16.25
Index Sniper: EXIT

[Dynamic Allocation]
Verdict: Council not convened.
Discount: 1.0

[Recommendations]
游릭 **BUY/HOLD QLD** (Target: 45%). [Council Modified: 1.0]

游 In **Sniper Buy Window**. Watch for momentum shift.
2026-01-28 20:31:29,047 [WARNING] Discord enabled but URL not configured in config.yaml
2026-01-28 20:31:29,047 [INFO] --- [END] Analysis Complete ---

2026-01-28 20:31:40,611 [INFO] --- [START] Antigravity Signal Analysis (v4.1 Live) ---
2026-01-28 20:31:40,612 [INFO] Analyzing market regimes and calculating MDD...
2026-01-28 20:31:42,300 [INFO] 
Result: 游릭 NORMAL
Date: 2026-01-28

[Market Context]
QQQ Price: $631.13
Dist SMA110: +3.86%
Dist SMA250: +13.54%
VIX: 16.25
Index Sniper: EXIT

[Dynamic Allocation]
Verdict: Council not convened.
Discount: 1.0

[Recommendations]
游릭 **BUY/HOLD QLD** (Target: 45%). [Council Modified: 1.0]

游 In **Sniper Buy Window**. Watch for momentum shift.
2026-01-28 20:31:42,302 [WARNING] Discord enabled but URL not configured in config.yaml
2026-01-28 20:31:42,303 [INFO] --- [END] Analysis Complete ---

2026-01-28 20:32:03,978 [INFO] --- [START] Antigravity Signal Analysis (v4.1 Live) ---
2026-01-28 20:32:03,978 [INFO] Analyzing market regimes and calculating MDD...
2026-01-28 20:32:05,569 [INFO] 
Result: 游릭 NORMAL
Date: 2026-01-28

[Market Context]
QQQ Price: $631.13
Dist SMA110: +3.86%
Dist SMA250: +13.54%
VIX: 16.25
Index Sniper: EXIT

[Dynamic Allocation]
Verdict: Council not convened.
Discount: 1.0

[Recommendations]
游릭 **BUY/HOLD QLD** (Target: 45%). [Council Modified: 1.0]

游 In **Sniper Buy Window**. Watch for momentum shift.
2026-01-28 20:32:05,571 [WARNING] Discord enabled but URL not configured in config.yaml
2026-01-28 20:32:05,571 [INFO] --- [END] Analysis Complete ---

2026-01-28 20:33:38,152 [INFO] --- [START] Antigravity Signal Analysis (v4.1 Live) ---
2026-01-28 20:33:38,153 [INFO] Analyzing market regimes and calculating MDD...
2026-01-28 20:33:39,877 [INFO] 
Result: 游릭 NORMAL
Date: 2026-01-28

[Market Context]
QQQ Price: $631.13
Dist SMA110: +3.86%
Dist SMA250: +13.54%
VIX: 16.260000228881836
Index Sniper: EXIT

[Dynamic Allocation]
Verdict: Council not convened.
Discount: 1.0

[Recommendations]
游릭 **BUY/HOLD QLD** (Target: 45%). [Council Modified: 1.0]

游 In **Sniper Buy Window**. Watch for momentum shift.
2026-01-28 20:33:40,196 [INFO] Discord notification sent successfully.
2026-01-28 20:33:40,197 [INFO] Discord notification sent.
2026-01-28 20:33:40,197 [INFO] --- [END] Analysis Complete ---

2026-01-28 22:32:03,304 [INFO] --- [START] Antigravity Signal Analysis (v4.1 Live) ---
2026-01-28 22:32:03,304 [INFO] Analyzing market regimes and calculating MDD...
2026-01-28 22:32:05,707 [INFO] Initializing KR Stock Scanner (Hybrid Alpha)...
2026-01-28 22:32:06,775 [INFO] Scanning 200 tickers using Hybrid Alpha logic...
2026-01-28 22:32:09,591 [INFO] Scan complete: Found 0 candidates.
2026-01-28 22:32:09,591 [INFO] 
Result: 游릭 NORMAL
Date: 2026-01-28

[Market Context]
QQQ Price: $631.13
Dist SMA110: +3.86%
Dist SMA250: +13.54%
VIX: 16.440000534057617
Index Sniper: EXIT

[Dynamic Allocation]
Verdict: Council not convened.
Discount: 1.0

[Recommendations]
游릭 **BUY/HOLD QLD** (Target: 45%). [Council Modified: 1.0]

游 In **Sniper Buy Window**. Watch for momentum shift.
2026-01-28 22:32:10,734 [INFO] Discord notification sent successfully.
2026-01-28 22:32:10,735 [INFO] Discord notification sent.
2026-01-28 22:32:10,735 [INFO] --- [END] Analysis Complete ---

